[webix.com/demos/spreadsheet/index.html]
[backblue.gif]
[fade.gif]
[index.html]
[cdn.webix.com/site/webix.css]
[cdn.webix.com/site/spreadsheet/spreadsheet.css]
[webix.com/demos/common/nav5c3f.js]
[cdn.webix.com/site/webix.js]
[webix.com/demos/common/nav5c3f.css]
[cdn.webix.com/site/spreadsheet/spreadsheet.js]
[webix.com/demos/spreadsheet/index.html]
[cdn.webix.com/site/fonts/Roboto-Regular-webfont.woff2]
[webix.com/assets/demo/spreadsheet/spreadsheet_data.js]
[cdn.webix.com/site/fonts/Roboto-Regular-webfont.woff]
[cdn.webix.com/site/fonts/Roboto-Medium-webfont.woff2]
[cdn.webix.com/site/fonts/Roboto-Medium-webfont.woff]
[cdn.webix.com/site/fonts/webixmdi-webfont.woff2]
[cdn.webix.com/site/fonts/webixmdi-webfont.woff]
[cdn.webix.com/site/webix.css]
[cdn.webix.com/site/spreadsheet/fonts/ssheet-webfont.woff]
[cdn.webix.com/site/spreadsheet/fonts/ssheet-webfont.woff2]
[cdn.webix.com/site/spreadsheet/spreadsheet.css]
[webix.com/demos/common/nav5c3f.css]
